<?xml version="1.0" encoding="UTF-8"?>
<!-- Generated by org.testng.reporters.JUnitXMLReporter -->
<testsuite hostname="Winstons-MBP" ignored="0" name="Dropdown-test" tests="1" failures="0" timestamp="2021-04-08T15:40:01 AEST" time="7.456" errors="0">
  <testcase name="@BeforeMethod setUp" time="6.722" classname="com.test.utilities.BaseTest">
    <failure type="org.openqa.selenium.SessionNotCreatedException" message="session not created: This version of ChromeDriver only supports Chrome version 83
Build info: version: &amp;apos;3.141.59&amp;apos;, revision: &amp;apos;e82be7d358&amp;apos;, time: &amp;apos;2018-11-14T08:17:03&amp;apos;
System info: host: &amp;apos;Winstons-MBP&amp;apos;, ip: &amp;apos;fe80:0:0:0:4c4:e5e:fa9d:dcf9%en0&amp;apos;, os.name: &amp;apos;Mac OS X&amp;apos;, os.arch: &amp;apos;x86_64&amp;apos;, os.version: &amp;apos;10.15.7&amp;apos;, java.version: &amp;apos;1.8.0_171&amp;apos;
Driver info: driver.version: ChromeDriver
remote stacktrace: 0   chromedriver                        0x0000000107380e99 chromedriver + 4808345
1   chromedriver                        0x000000010731b5f3 chromedriver + 4392435
2   chromedriver                        0x0000000106fa729d chromedriver + 770717
3   chromedriver                        0x0000000106f04689 chromedriver + 104073
4   chromedriver                        0x0000000106f00940 chromedriver + 88384
5   chromedriver                        0x0000000106efdc99 chromedriver + 76953
6   chromedriver                        0x0000000106f2ffa3 chromedriver + 282531
7   chromedriver                        0x0000000106f2cda3 chromedriver + 269731
8   chromedriver                        0x0000000106f068dd chromedriver + 112861
9   chromedriver                        0x0000000106f07875 chromedriver + 116853
10  chromedriver                        0x000000010734347f chromedriver + 4555903
11  chromedriver                        0x000000010735077a chromedriver + 4609914
12  chromedriver                        0x0000000107350509 chromedriver + 4609289
13  chromedriver                        0x0000000107327319 chromedriver + 4440857
14  chromedriver                        0x0000000107350d03 chromedriver + 4611331
15  chromedriver                        0x0000000107339083 chromedriver + 4513923
16  chromedriver                        0x0000000107367454 chromedriver + 4703316
17  chromedriver                        0x0000000107386f57 chromedriver + 4833111
18  libsystem_pthread.dylib             0x00007fff6bb00109 _pthread_start + 148
19  libsystem_pthread.dylib             0x00007fff6bafbb8b thread_start + 15
">
      <![CDATA[org.openqa.selenium.SessionNotCreatedException: session not created: This version of ChromeDriver only supports Chrome version 83
Build info: version: '3.141.59', revision: 'e82be7d358', time: '2018-11-14T08:17:03'
System info: host: 'Winstons-MBP', ip: 'fe80:0:0:0:4c4:e5e:fa9d:dcf9%en0', os.name: 'Mac OS X', os.arch: 'x86_64', os.version: '10.15.7', java.version: '1.8.0_171'
Driver info: driver.version: ChromeDriver
remote stacktrace: 0   chromedriver                        0x0000000107380e99 chromedriver + 4808345
1   chromedriver                        0x000000010731b5f3 chromedriver + 4392435
2   chromedriver                        0x0000000106fa729d chromedriver + 770717
3   chromedriver                        0x0000000106f04689 chromedriver + 104073
4   chromedriver                        0x0000000106f00940 chromedriver + 88384
5   chromedriver                        0x0000000106efdc99 chromedriver + 76953
6   chromedriver                        0x0000000106f2ffa3 chromedriver + 282531
7   chromedriver                        0x0000000106f2cda3 chromedriver + 269731
8   chromedriver                        0x0000000106f068dd chromedriver + 112861
9   chromedriver                        0x0000000106f07875 chromedriver + 116853
10  chromedriver                        0x000000010734347f chromedriver + 4555903
11  chromedriver                        0x000000010735077a chromedriver + 4609914
12  chromedriver                        0x0000000107350509 chromedriver + 4609289
13  chromedriver                        0x0000000107327319 chromedriver + 4440857
14  chromedriver                        0x0000000107350d03 chromedriver + 4611331
15  chromedriver                        0x0000000107339083 chromedriver + 4513923
16  chromedriver                        0x0000000107367454 chromedriver + 4703316
17  chromedriver                        0x0000000107386f57 chromedriver + 4833111
18  libsystem_pthread.dylib             0x00007fff6bb00109 _pthread_start + 148
19  libsystem_pthread.dylib             0x00007fff6bafbb8b thread_start + 15

at org.openqa.selenium.remote.W3CHandshakeResponse.lambda$errorHandler$0(W3CHandshakeResponse.java:62)
at org.openqa.selenium.remote.HandshakeResponse.lambda$getResponseFunction$0(HandshakeResponse.java:30)
at org.openqa.selenium.remote.ProtocolHandshake.lambda$createSession$0(ProtocolHandshake.java:126)
at java.util.stream.ReferencePipeline$3$1.accept(ReferencePipeline.java:193)
at java.util.Spliterators$ArraySpliterator.tryAdvance(Spliterators.java:958)
at java.util.stream.ReferencePipeline.forEachWithCancel(ReferencePipeline.java:126)
at java.util.stream.AbstractPipeline.copyIntoWithCancel(AbstractPipeline.java:498)
at java.util.stream.AbstractPipeline.copyInto(AbstractPipeline.java:485)
at java.util.stream.AbstractPipeline.wrapAndCopyInto(AbstractPipeline.java:471)
at java.util.stream.FindOps$FindOp.evaluateSequential(FindOps.java:152)
at java.util.stream.AbstractPipeline.evaluate(AbstractPipeline.java:234)
at java.util.stream.ReferencePipeline.findFirst(ReferencePipeline.java:464)
at org.openqa.selenium.remote.ProtocolHandshake.createSession(ProtocolHandshake.java:128)
at org.openqa.selenium.remote.ProtocolHandshake.createSession(ProtocolHandshake.java:74)
at org.openqa.selenium.remote.HttpCommandExecutor.execute(HttpCommandExecutor.java:136)
at org.openqa.selenium.remote.service.DriverCommandExecutor.execute(DriverCommandExecutor.java:83)
at org.openqa.selenium.remote.RemoteWebDriver.execute(RemoteWebDriver.java:552)
at org.openqa.selenium.remote.RemoteWebDriver.startSession(RemoteWebDriver.java:213)
at org.openqa.selenium.remote.RemoteWebDriver.<init>(RemoteWebDriver.java:131)
at org.openqa.selenium.chrome.ChromeDriver.<init>(ChromeDriver.java:181)
at org.openqa.selenium.chrome.ChromeDriver.<init>(ChromeDriver.java:168)
at org.openqa.selenium.chrome.ChromeDriver.<init>(ChromeDriver.java:123)
at com.test.utilities.BrowserDriverFactory.createDriver(BrowserDriverFactory.java:25)
at com.test.utilities.BaseTest.setUp(BaseTest.java:31)
at java.util.ArrayList.forEach(ArrayList.java:1257)
... Removed 35 stack frames]]>
    </failure>
  </testcase> <!-- @BeforeMethod setUp -->
  <testcase name="@AfterMethod tearDown" time="-1.61786040118E9" classname="com.test.utilities.BaseTest">
    <skipped/>
  </testcase> <!-- @AfterMethod tearDown -->
  <testcase name="selectDropdownOption" time="0.0" classname="testPackage.DropdownTest">
    <skipped/>
  </testcase> <!-- selectDropdownOption -->
</testsuite> <!-- Dropdown-test -->
