<?xml version="1.0" encoding="UTF-8"?>
<!-- Generated by org.testng.reporters.JUnitXMLReporter -->
<testsuite hostname="Winstons-MBP" ignored="0" name="Command line test" tests="2" failures="2" timestamp="08 Jul 2020 04:14:43 GMT" time="0.045" errors="0">
  <testcase name="@AfterMethod tearDown" time="0.0" classname="testPackage.GoogleTest">
    <failure type="java.lang.NullPointerException">
      <![CDATA[java.lang.NullPointerException
	at testPackage.GoogleTest.tearDown(GoogleTest.java:80)
... Removed 37 stack frames]]>
    </failure>
  </testcase> <!-- @AfterMethod tearDown -->
  <testcase name="clickLogin" time="0.013" classname="testPackage.GoogleTest">
    <failure type="java.lang.NullPointerException">
      <![CDATA[java.lang.NullPointerException
	at testPackage.GoogleTest.clickLogin(GoogleTest.java:70)
... Removed 35 stack frames]]>
    </failure>
  </testcase> <!-- clickLogin -->
  <testcase name="setUp" time="0.0" classname="testPackage.GoogleTest">
    <failure type="org.testng.TestNGException" message="
Parameter &amp;apos;browser&amp;apos; is required by @Test on method setUp but has not been marked @Optional or defined
">
      <![CDATA[org.testng.TestNGException: 
Parameter 'browser' is required by @Test on method setUp but has not been marked @Optional or defined

... Removed 33 stack frames]]>
    </failure>
  </testcase> <!-- setUp -->
</testsuite> <!-- Command line test -->
