<?xml version="1.0" encoding="UTF-8"?>
<!-- Generated by org.testng.reporters.JUnitReportReporter -->
<testsuite skipped="1" hostname="Winstons-MBP" name="testPackage.DropdownTest" tests="2" failures="0" timestamp="2021-04-08T15:40:01 AEST" time="6.722" errors="1">
  <testcase name="setUp" time="6.722" classname="testPackage.DropdownTest">
    <error type="org.openqa.selenium.SessionNotCreatedException" message="session not created: This version of ChromeDriver only supports Chrome version 83
Build info: version: &#039;3.141.59&#039;, revision: &#039;e82be7d358&#039;, time: &#039;2018-11-14T08:17:03&#039;
System info: host: &#039;Winstons-MBP&#039;, ip: &#039;fe80:0:0:0:4c4:e5e:fa9d:dcf9%en0&#039;, os.name: &#039;Mac OS X&#039;, os.arch: &#039;x86_64&#039;, os.version: &#039;10.15.7&#039;, java.version: &#039;1.8.0_171&#039;
Driver info: driver.version: ChromeDriver
remote stacktrace: 0   chromedriver                        0x0000000107380e99 chromedriver + 4808345
1   chromedriver                        0x000000010731b5f3 chromedriver + 4392435
2   chromedriver                        0x0000000106fa729d chromedriver + 770717
3   chromedriver                        0x0000000106f04689 chromedriver + 104073
4   chromedriver                        0x0000000106f00940 chromedriver + 88384
5   chromedriver                        0x0000000106efdc99 chromedriver + 76953
6   chromedriver                        0x0000000106f2ffa3 chromedriver + 282531
7   chromedriver                        0x0000000106f2cda3 chromedriver + 269731
8   chromedriver                        0x0000000106f068dd chromedriver + 112861
9   chromedriver                        0x0000000106f07875 chromedriver + 116853
10  chromedriver                        0x000000010734347f chromedriver + 4555903
11  chromedriver                        0x000000010735077a chromedriver + 4609914
12  chromedriver                        0x0000000107350509 chromedriver + 4609289
13  chromedriver                        0x0000000107327319 chromedriver + 4440857
14  chromedriver                        0x0000000107350d03 chromedriver + 4611331
15  chromedriver                        0x0000000107339083 chromedriver + 4513923
16  chromedriver                        0x0000000107367454 chromedriver + 4703316
17  chromedriver                        0x0000000107386f57 chromedriver + 4833111
18  libsystem_pthread.dylib             0x00007fff6bb00109 _pthread_start + 148
19  libsystem_pthread.dylib             0x00007fff6bafbb8b thread_start + 15
">
      <![CDATA[org.openqa.selenium.SessionNotCreatedException: session not created: This version of ChromeDriver only supports Chrome version 83
Build info: version: '3.141.59', revision: 'e82be7d358', time: '2018-11-14T08:17:03'
System info: host: 'Winstons-MBP', ip: 'fe80:0:0:0:4c4:e5e:fa9d:dcf9%en0', os.name: 'Mac OS X', os.arch: 'x86_64', os.version: '10.15.7', java.version: '1.8.0_171'
Driver info: driver.version: ChromeDriver
remote stacktrace: 0   chromedriver                        0x0000000107380e99 chromedriver + 4808345
1   chromedriver                        0x000000010731b5f3 chromedriver + 4392435
2   chromedriver                        0x0000000106fa729d chromedriver + 770717
3   chromedriver                        0x0000000106f04689 chromedriver + 104073
4   chromedriver                        0x0000000106f00940 chromedriver + 88384
5   chromedriver                        0x0000000106efdc99 chromedriver + 76953
6   chromedriver                        0x0000000106f2ffa3 chromedriver + 282531
7   chromedriver                        0x0000000106f2cda3 chromedriver + 269731
8   chromedriver                        0x0000000106f068dd chromedriver + 112861
9   chromedriver                        0x0000000106f07875 chromedriver + 116853
10  chromedriver                        0x000000010734347f chromedriver + 4555903
11  chromedriver                        0x000000010735077a chromedriver + 4609914
12  chromedriver                        0x0000000107350509 chromedriver + 4609289
13  chromedriver                        0x0000000107327319 chromedriver + 4440857
14  chromedriver                        0x0000000107350d03 chromedriver + 4611331
15  chromedriver                        0x0000000107339083 chromedriver + 4513923
16  chromedriver                        0x0000000107367454 chromedriver + 4703316
17  chromedriver                        0x0000000107386f57 chromedriver + 4833111
18  libsystem_pthread.dylib             0x00007fff6bb00109 _pthread_start + 148
19  libsystem_pthread.dylib             0x00007fff6bafbb8b thread_start + 15

at sun.reflect.NativeConstructorAccessorImpl.newInstance0(Native Method)
at sun.reflect.NativeConstructorAccessorImpl.newInstance(NativeConstructorAccessorImpl.java:62)
at sun.reflect.DelegatingConstructorAccessorImpl.newInstance(DelegatingConstructorAccessorImpl.java:45)
at java.lang.reflect.Constructor.newInstance(Constructor.java:423)
at org.openqa.selenium.remote.W3CHandshakeResponse.lambda$errorHandler$0(W3CHandshakeResponse.java:62)
at org.openqa.selenium.remote.HandshakeResponse.lambda$getResponseFunction$0(HandshakeResponse.java:30)
at org.openqa.selenium.remote.ProtocolHandshake.lambda$createSession$0(ProtocolHandshake.java:126)
at java.util.stream.ReferencePipeline$3$1.accept(ReferencePipeline.java:193)
at java.util.Spliterators$ArraySpliterator.tryAdvance(Spliterators.java:958)
at java.util.stream.ReferencePipeline.forEachWithCancel(ReferencePipeline.java:126)
at java.util.stream.AbstractPipeline.copyIntoWithCancel(AbstractPipeline.java:498)
at java.util.stream.AbstractPipeline.copyInto(AbstractPipeline.java:485)
at java.util.stream.AbstractPipeline.wrapAndCopyInto(AbstractPipeline.java:471)
at java.util.stream.FindOps$FindOp.evaluateSequential(FindOps.java:152)
at java.util.stream.AbstractPipeline.evaluate(AbstractPipeline.java:234)
at java.util.stream.ReferencePipeline.findFirst(ReferencePipeline.java:464)
at org.openqa.selenium.remote.ProtocolHandshake.createSession(ProtocolHandshake.java:128)
at org.openqa.selenium.remote.ProtocolHandshake.createSession(ProtocolHandshake.java:74)
at org.openqa.selenium.remote.HttpCommandExecutor.execute(HttpCommandExecutor.java:136)
at org.openqa.selenium.remote.service.DriverCommandExecutor.execute(DriverCommandExecutor.java:83)
at org.openqa.selenium.remote.RemoteWebDriver.execute(RemoteWebDriver.java:552)
at org.openqa.selenium.remote.RemoteWebDriver.startSession(RemoteWebDriver.java:213)
at org.openqa.selenium.remote.RemoteWebDriver.<init>(RemoteWebDriver.java:131)
at org.openqa.selenium.chrome.ChromeDriver.<init>(ChromeDriver.java:181)
at org.openqa.selenium.chrome.ChromeDriver.<init>(ChromeDriver.java:168)
at org.openqa.selenium.chrome.ChromeDriver.<init>(ChromeDriver.java:123)
at com.test.utilities.BrowserDriverFactory.createDriver(BrowserDriverFactory.java:25)
at com.test.utilities.BaseTest.setUp(BaseTest.java:31)
at sun.reflect.NativeMethodAccessorImpl.invoke0(Native Method)
at sun.reflect.NativeMethodAccessorImpl.invoke(NativeMethodAccessorImpl.java:62)
at sun.reflect.DelegatingMethodAccessorImpl.invoke(DelegatingMethodAccessorImpl.java:43)
at java.lang.reflect.Method.invoke(Method.java:498)
at org.testng.internal.MethodInvocationHelper.invokeMethod(MethodInvocationHelper.java:134)
at org.testng.internal.MethodInvocationHelper.invokeMethodConsideringTimeout(MethodInvocationHelper.java:63)
at org.testng.internal.ConfigInvoker.invokeConfigurationMethod(ConfigInvoker.java:348)
at org.testng.internal.ConfigInvoker.invokeConfigurations(ConfigInvoker.java:302)
at org.testng.internal.TestInvoker.runConfigMethods(TestInvoker.java:695)
at org.testng.internal.TestInvoker.invokeMethod(TestInvoker.java:523)
at org.testng.internal.TestInvoker.invokeTestMethod(TestInvoker.java:173)
at org.testng.internal.MethodRunner.runInSequence(MethodRunner.java:46)
at org.testng.internal.TestInvoker$MethodInvocationAgent.invoke(TestInvoker.java:816)
at org.testng.internal.TestInvoker.invokeTestMethods(TestInvoker.java:146)
at org.testng.internal.TestMethodWorker.invokeTestMethods(TestMethodWorker.java:146)
at org.testng.internal.TestMethodWorker.run(TestMethodWorker.java:128)
at java.util.ArrayList.forEach(ArrayList.java:1257)
at org.testng.TestRunner.privateRun(TestRunner.java:766)
at org.testng.TestRunner.run(TestRunner.java:587)
at org.testng.SuiteRunner.runTest(SuiteRunner.java:384)
at org.testng.SuiteRunner.runSequentially(SuiteRunner.java:378)
at org.testng.SuiteRunner.privateRun(SuiteRunner.java:337)
at org.testng.SuiteRunner.run(SuiteRunner.java:286)
at org.testng.SuiteRunnerWorker.runSuite(SuiteRunnerWorker.java:53)
at org.testng.SuiteRunnerWorker.run(SuiteRunnerWorker.java:96)
at org.testng.TestNG.runSuitesSequentially(TestNG.java:1187)
at org.testng.TestNG.runSuitesLocally(TestNG.java:1109)
at org.testng.TestNG.runSuites(TestNG.java:1039)
at org.testng.TestNG.run(TestNG.java:1007)
at org.testng.remote.AbstractRemoteTestNG.run(AbstractRemoteTestNG.java:115)
at org.testng.remote.RemoteTestNG.initAndRun(RemoteTestNG.java:251)
at org.testng.remote.RemoteTestNG.main(RemoteTestNG.java:77)
]]>
    </error>
  </testcase> <!-- setUp -->
  <system-out/>
  <testcase name="selectDropdownOption" time="0.000" classname="testPackage.DropdownTest">
    <skipped/>
  </testcase> <!-- selectDropdownOption -->
  <system-out/>
</testsuite> <!-- testPackage.DropdownTest -->
